0 silly argv {
0 silly argv   _: [ 'version' ],
0 silly argv   private: false,
0 silly argv   lernaVersion: '6.6.2',
0 silly argv   '$0': 'node_modules/lerna/dist/cli.js'
0 silly argv }
1 notice cli v6.6.2
2 verbose rootPath /Users/travis/Repos/elwood/studio
3 verbose packageConfigs Package manager 'pnpm' detected. Resolving packages using 'pnpm-workspace.yaml'.
4 info current version 0.1.11
5 silly isAnythingCommitted
6 verbose isAnythingCommitted 1
7 silly getCurrentBranch
8 verbose currentBranch dev
9 silly remoteBranchExists
10 silly isBehindUpstream
11 silly isBehindUpstream dev is behind origin/dev by 0 commit(s) and ahead by 0
12 silly hasTags
13 verbose hasTags true
14 silly git-describe.sync "v0.1.11-14-g764999a" => {"lastTagName":"v0.1.11","lastVersion":"v0.1.11","refCount":"14","sha":"764999a","isDirty":false}
15 info Looking for changed packages since v0.1.11
16 silly checking diff internal/elwood
17 silly found diff in internal/elwood/bin.js
17 silly found diff in internal/elwood/package.json
17 silly found diff in internal/elwood/readme.md
18 verbose filtered diff [
18 verbose filtered diff   'internal/elwood/bin.js',
18 verbose filtered diff   'internal/elwood/package.json',
18 verbose filtered diff   'internal/elwood/readme.md'
18 verbose filtered diff ]
19 silly checking diff internal/eslint-config-custom
20 silly found diff in internal/eslint-config-custom/package.json
21 verbose filtered diff [ 'internal/eslint-config-custom/package.json' ]
22 silly checking diff internal/jest-presets
23 silly found diff in internal/jest-presets/jest/node/jest-preset.js
24 verbose filtered diff [ 'internal/jest-presets/jest/node/jest-preset.js' ]
25 silly checking diff internal/tsconfig
26 silly no diff found in tsconfig
27 silly checking diff packages/cli
28 silly found diff in packages/cli/package.json
28 silly found diff in packages/cli/readme.md
28 silly found diff in packages/cli/src/builder/docker-compose.ts
28 silly found diff in packages/cli/src/builder/local-env.ts
28 silly found diff in packages/cli/src/commands/local.ts
28 silly found diff in packages/cli/src/commands/workflow.ts
28 silly found diff in packages/cli/src/libs/create-context.ts
28 silly found diff in packages/cli/src/types.ts
29 verbose filtered diff [
29 verbose filtered diff   'packages/cli/package.json',
29 verbose filtered diff   'packages/cli/readme.md',
29 verbose filtered diff   'packages/cli/src/builder/docker-compose.ts',
29 verbose filtered diff   'packages/cli/src/builder/local-env.ts',
29 verbose filtered diff   'packages/cli/src/commands/local.ts',
29 verbose filtered diff   'packages/cli/src/commands/workflow.ts',
29 verbose filtered diff   'packages/cli/src/libs/create-context.ts',
29 verbose filtered diff   'packages/cli/src/types.ts'
29 verbose filtered diff ]
30 silly checking diff packages/fs/service
31 silly found diff in packages/fs/service/package.json
31 silly found diff in packages/fs/service/readme.md
31 silly found diff in packages/fs/service/src/app.ts
31 silly found diff in packages/fs/service/src/handlers/error.ts
31 silly found diff in packages/fs/service/src/handlers/object/blob.ts
31 silly found diff in packages/fs/service/src/handlers/object/handlers.ts
31 silly found diff in packages/fs/service/src/handlers/object/raw.ts
31 silly found diff in packages/fs/service/src/handlers/object/share.ts
31 silly found diff in packages/fs/service/src/handlers/object/tree.ts
31 silly found diff in packages/fs/service/src/handlers/proxy.ts
31 silly found diff in packages/fs/service/src/handlers/tus.ts
31 silly found diff in packages/fs/service/src/index.ts
31 silly found diff in packages/fs/service/src/libs/auth-execute-sql.ts
31 silly found diff in packages/fs/service/src/libs/fail-upload.ts
31 silly found diff in packages/fs/service/src/libs/fetch-rclone.ts
31 silly found diff in packages/fs/service/src/libs/get-auth-token.ts
31 silly found diff in packages/fs/service/src/libs/get-env.ts
31 silly found diff in packages/fs/service/src/libs/invariant.ts
31 silly found diff in packages/fs/service/src/libs/load-config-file.ts
31 silly found diff in packages/fs/service/src/libs/stream-rclone.ts
31 silly found diff in packages/fs/service/src/libs/tus-after-create.ts
31 silly found diff in packages/fs/service/src/libs/tus-before-create.ts
31 silly found diff in packages/fs/service/src/server.ts
31 silly found diff in packages/fs/service/src/types.ts
31 silly found diff in packages/fs/service/tsconfig.json
31 silly found diff in packages/fs/service/tsup.config.ts
31 silly found diff in packages/fs/service/yarn.lock
32 verbose filtered diff [
32 verbose filtered diff   'packages/fs/service/package.json',
32 verbose filtered diff   'packages/fs/service/readme.md',
32 verbose filtered diff   'packages/fs/service/src/app.ts',
32 verbose filtered diff   'packages/fs/service/src/handlers/error.ts',
32 verbose filtered diff   'packages/fs/service/src/handlers/object/blob.ts',
32 verbose filtered diff   'packages/fs/service/src/handlers/object/handlers.ts',
32 verbose filtered diff   'packages/fs/service/src/handlers/object/raw.ts',
32 verbose filtered diff   'packages/fs/service/src/handlers/object/share.ts',
32 verbose filtered diff   'packages/fs/service/src/handlers/object/tree.ts',
32 verbose filtered diff   'packages/fs/service/src/handlers/proxy.ts',
32 verbose filtered diff   'packages/fs/service/src/handlers/tus.ts',
32 verbose filtered diff   'packages/fs/service/src/index.ts',
32 verbose filtered diff   'packages/fs/service/src/libs/auth-execute-sql.ts',
32 verbose filtered diff   'packages/fs/service/src/libs/fail-upload.ts',
32 verbose filtered diff   'packages/fs/service/src/libs/fetch-rclone.ts',
32 verbose filtered diff   'packages/fs/service/src/libs/get-auth-token.ts',
32 verbose filtered diff   'packages/fs/service/src/libs/get-env.ts',
32 verbose filtered diff   'packages/fs/service/src/libs/invariant.ts',
32 verbose filtered diff   'packages/fs/service/src/libs/load-config-file.ts',
32 verbose filtered diff   'packages/fs/service/src/libs/stream-rclone.ts',
32 verbose filtered diff   'packages/fs/service/src/libs/tus-after-create.ts',
32 verbose filtered diff   'packages/fs/service/src/libs/tus-before-create.ts',
32 verbose filtered diff   'packages/fs/service/src/server.ts',
32 verbose filtered diff   'packages/fs/service/src/types.ts',
32 verbose filtered diff   'packages/fs/service/tsconfig.json',
32 verbose filtered diff   'packages/fs/service/tsup.config.ts',
32 verbose filtered diff   'packages/fs/service/yarn.lock'
32 verbose filtered diff ]
33 silly checking diff packages/sdk
34 silly found diff in packages/sdk/package.json
34 silly found diff in packages/sdk/readme.md
34 silly found diff in packages/sdk/src/client.ts
34 silly found diff in packages/sdk/src/constants.ts
34 silly found diff in packages/sdk/src/file-system/client.ts
34 silly found diff in packages/sdk/src/file-system/index.ts
34 silly found diff in packages/sdk/src/file-system/upload.ts
34 silly found diff in packages/sdk/src/index.ts
34 silly found diff in packages/sdk/src/libs/invariant.ts
34 silly found diff in packages/sdk/src/types.ts
34 silly found diff in packages/sdk/src/workflow/client.ts
34 silly found diff in packages/sdk/src/workflow/index.ts
34 silly found diff in packages/sdk/test/workflow.test.ts
34 silly found diff in packages/sdk/tsconfig.json
34 silly found diff in packages/sdk/tsup.config.ts
35 verbose filtered diff [
35 verbose filtered diff   'packages/sdk/package.json',
35 verbose filtered diff   'packages/sdk/readme.md',
35 verbose filtered diff   'packages/sdk/src/client.ts',
35 verbose filtered diff   'packages/sdk/src/constants.ts',
35 verbose filtered diff   'packages/sdk/src/file-system/client.ts',
35 verbose filtered diff   'packages/sdk/src/file-system/index.ts',
35 verbose filtered diff   'packages/sdk/src/file-system/upload.ts',
35 verbose filtered diff   'packages/sdk/src/index.ts',
35 verbose filtered diff   'packages/sdk/src/libs/invariant.ts',
35 verbose filtered diff   'packages/sdk/src/types.ts',
35 verbose filtered diff   'packages/sdk/src/workflow/client.ts',
35 verbose filtered diff   'packages/sdk/src/workflow/index.ts',
35 verbose filtered diff   'packages/sdk/test/workflow.test.ts',
35 verbose filtered diff   'packages/sdk/tsconfig.json',
35 verbose filtered diff   'packages/sdk/tsup.config.ts'
35 verbose filtered diff ]
36 silly checking diff packages/types
37 silly found diff in packages/types/package.json
38 verbose filtered diff [ 'packages/types/package.json' ]
39 silly checking diff packages/workflow/config
40 silly found diff in packages/workflow/config/config/jest.js
40 silly found diff in packages/workflow/config/package.json
40 silly found diff in packages/workflow/config/readme.md
40 silly found diff in packages/workflow/config/schema.json
40 silly found diff in packages/workflow/config/src/__tests__/normalize.spec.ts
40 silly found diff in packages/workflow/config/src/__tests__/schema.spec.ts
40 silly found diff in packages/workflow/config/src/input.ts
40 silly found diff in packages/workflow/config/src/normalize.ts
40 silly found diff in packages/workflow/config/src/normalize/index.ts
40 silly found diff in packages/workflow/config/src/normalize/job-step-action.ts
40 silly found diff in packages/workflow/config/src/normalize/job-step.ts
40 silly found diff in packages/workflow/config/src/normalize/job.ts
40 silly found diff in packages/workflow/config/src/normalize/permission.ts
40 silly found diff in packages/workflow/config/src/normalize/scalar.ts
40 silly found diff in packages/workflow/config/src/normalize/utilts.ts
40 silly found diff in packages/workflow/config/src/normalize/when.ts
40 silly found diff in packages/workflow/config/src/normalize/workflow.ts
40 silly found diff in packages/workflow/config/src/resolve.ts
40 silly found diff in packages/workflow/config/src/schema/command.ts
40 silly found diff in packages/workflow/config/src/schema/input.ts
40 silly found diff in packages/workflow/config/src/schema/job.ts
40 silly found diff in packages/workflow/config/src/schema/scalar.ts
40 silly found diff in packages/workflow/config/src/schema/step.ts
40 silly found diff in packages/workflow/config/src/schema/workflow.ts
40 silly found diff in packages/workflow/config/src/validate.ts
41 verbose filtered diff [
41 verbose filtered diff   'packages/workflow/config/config/jest.js',
41 verbose filtered diff   'packages/workflow/config/package.json',
41 verbose filtered diff   'packages/workflow/config/readme.md',
41 verbose filtered diff   'packages/workflow/config/schema.json',
41 verbose filtered diff   'packages/workflow/config/src/__tests__/normalize.spec.ts',
41 verbose filtered diff   'packages/workflow/config/src/__tests__/schema.spec.ts',
41 verbose filtered diff   'packages/workflow/config/src/input.ts',
41 verbose filtered diff   'packages/workflow/config/src/normalize.ts',
41 verbose filtered diff   'packages/workflow/config/src/normalize/index.ts',
41 verbose filtered diff   'packages/workflow/config/src/normalize/job-step-action.ts',
41 verbose filtered diff   'packages/workflow/config/src/normalize/job-step.ts',
41 verbose filtered diff   'packages/workflow/config/src/normalize/job.ts',
41 verbose filtered diff   'packages/workflow/config/src/normalize/permission.ts',
41 verbose filtered diff   'packages/workflow/config/src/normalize/scalar.ts',
41 verbose filtered diff   'packages/workflow/config/src/normalize/utilts.ts',
41 verbose filtered diff   'packages/workflow/config/src/normalize/when.ts',
41 verbose filtered diff   'packages/workflow/config/src/normalize/workflow.ts',
41 verbose filtered diff   'packages/workflow/config/src/resolve.ts',
41 verbose filtered diff   'packages/workflow/config/src/schema/command.ts',
41 verbose filtered diff   'packages/workflow/config/src/schema/input.ts',
41 verbose filtered diff   'packages/workflow/config/src/schema/job.ts',
41 verbose filtered diff   'packages/workflow/config/src/schema/scalar.ts',
41 verbose filtered diff   'packages/workflow/config/src/schema/step.ts',
41 verbose filtered diff   'packages/workflow/config/src/schema/workflow.ts',
41 verbose filtered diff   'packages/workflow/config/src/validate.ts'
41 verbose filtered diff ]
42 silly checking diff packages/workflow/runner
43 silly found diff in packages/workflow/runner/examples/dropbox.ts
43 silly found diff in packages/workflow/runner/examples/ffmpeg.ts
43 silly found diff in packages/workflow/runner/examples/ffprobe.ts
43 silly found diff in packages/workflow/runner/examples/keychain.ts
43 silly found diff in packages/workflow/runner/examples/output.ts
43 silly found diff in packages/workflow/runner/examples/secrets.ts
43 silly found diff in packages/workflow/runner/examples/with-local-action.ts
43 silly found diff in packages/workflow/runner/package.json
43 silly found diff in packages/workflow/runner/readme.md
43 silly found diff in packages/workflow/runner/src/__tests__/expression.spec.ts
43 silly found diff in packages/workflow/runner/src/__tests__/matrix.spec.ts
43 silly found diff in packages/workflow/runner/src/__tests__/should-run-when.spec.ts
43 silly found diff in packages/workflow/runner/src/cli/cli.ts
43 silly found diff in packages/workflow/runner/src/cli/config.ts
43 silly found diff in packages/workflow/runner/src/cli/hello-world.ts
43 silly found diff in packages/workflow/runner/src/cli/payload.ts
43 silly found diff in packages/workflow/runner/src/command/provider.ts
43 silly found diff in packages/workflow/runner/src/command/std-providers/ffmpeg.ts
43 silly found diff in packages/workflow/runner/src/command/std-providers/ffprobe.ts
43 silly found diff in packages/workflow/runner/src/command/std-providers/node.ts
43 silly found diff in packages/workflow/runner/src/index.ts
43 silly found diff in packages/workflow/runner/src/libs/callback.ts
43 silly found diff in packages/workflow/runner/src/libs/create-runtime.ts
43 silly found diff in packages/workflow/runner/src/libs/docker.ts
43 silly found diff in packages/workflow/runner/src/libs/expression.ts
43 silly found diff in packages/workflow/runner/src/libs/matrix.ts
43 silly found diff in packages/workflow/runner/src/libs/run-job.ts
43 silly found diff in packages/workflow/runner/src/libs/run-step.ts
43 silly found diff in packages/workflow/runner/src/libs/run-workflow.ts
43 silly found diff in packages/workflow/runner/src/libs/should-run-when.ts
43 silly found diff in packages/workflow/runner/src/plugins/clean-run-stage.ts
43 silly found diff in packages/workflow/runner/src/plugins/file-reporter.ts
43 silly found diff in packages/workflow/runner/src/runtime/context.ts
43 silly found diff in packages/workflow/runner/src/runtime/job.ts
43 silly found diff in packages/workflow/runner/src/runtime/run.ts
43 silly found diff in packages/workflow/runner/src/runtime/runtime.ts
43 silly found diff in packages/workflow/runner/src/runtime/step.ts
43 silly found diff in packages/workflow/runner/src/types.ts
44 verbose filtered diff [
44 verbose filtered diff   'packages/workflow/runner/examples/dropbox.ts',
44 verbose filtered diff   'packages/workflow/runner/examples/ffmpeg.ts',
44 verbose filtered diff   'packages/workflow/runner/examples/ffprobe.ts',
44 verbose filtered diff   'packages/workflow/runner/examples/keychain.ts',
44 verbose filtered diff   'packages/workflow/runner/examples/output.ts',
44 verbose filtered diff   'packages/workflow/runner/examples/secrets.ts',
44 verbose filtered diff   'packages/workflow/runner/examples/with-local-action.ts',
44 verbose filtered diff   'packages/workflow/runner/package.json',
44 verbose filtered diff   'packages/workflow/runner/readme.md',
44 verbose filtered diff   'packages/workflow/runner/src/__tests__/expression.spec.ts',
44 verbose filtered diff   'packages/workflow/runner/src/__tests__/matrix.spec.ts',
44 verbose filtered diff   'packages/workflow/runner/src/__tests__/should-run-when.spec.ts',
44 verbose filtered diff   'packages/workflow/runner/src/cli/cli.ts',
44 verbose filtered diff   'packages/workflow/runner/src/cli/config.ts',
44 verbose filtered diff   'packages/workflow/runner/src/cli/hello-world.ts',
44 verbose filtered diff   'packages/workflow/runner/src/cli/payload.ts',
44 verbose filtered diff   'packages/workflow/runner/src/command/provider.ts',
44 verbose filtered diff   'packages/workflow/runner/src/command/std-providers/ffmpeg.ts',
44 verbose filtered diff   'packages/workflow/runner/src/command/std-providers/ffprobe.ts',
44 verbose filtered diff   'packages/workflow/runner/src/command/std-providers/node.ts',
44 verbose filtered diff   'packages/workflow/runner/src/index.ts',
44 verbose filtered diff   'packages/workflow/runner/src/libs/callback.ts',
44 verbose filtered diff   'packages/workflow/runner/src/libs/create-runtime.ts',
44 verbose filtered diff   'packages/workflow/runner/src/libs/docker.ts',
44 verbose filtered diff   'packages/workflow/runner/src/libs/expression.ts',
44 verbose filtered diff   'packages/workflow/runner/src/libs/matrix.ts',
44 verbose filtered diff   'packages/workflow/runner/src/libs/run-job.ts',
44 verbose filtered diff   'packages/workflow/runner/src/libs/run-step.ts',
44 verbose filtered diff   'packages/workflow/runner/src/libs/run-workflow.ts',
44 verbose filtered diff   'packages/workflow/runner/src/libs/should-run-when.ts',
44 verbose filtered diff   'packages/workflow/runner/src/plugins/clean-run-stage.ts',
44 verbose filtered diff   'packages/workflow/runner/src/plugins/file-reporter.ts',
44 verbose filtered diff   'packages/workflow/runner/src/runtime/context.ts',
44 verbose filtered diff   'packages/workflow/runner/src/runtime/job.ts',
44 verbose filtered diff   'packages/workflow/runner/src/runtime/run.ts',
44 verbose filtered diff   'packages/workflow/runner/src/runtime/runtime.ts',
44 verbose filtered diff   'packages/workflow/runner/src/runtime/step.ts',
44 verbose filtered diff   'packages/workflow/runner/src/types.ts'
44 verbose filtered diff ]
45 silly checking diff packages/workflow/secrets
46 silly found diff in packages/workflow/secrets/package.json
46 silly found diff in packages/workflow/secrets/readme.md
47 verbose filtered diff [
47 verbose filtered diff   'packages/workflow/secrets/package.json',
47 verbose filtered diff   'packages/workflow/secrets/readme.md'
47 verbose filtered diff ]
48 silly checking diff packages/workflow/service
49 silly found diff in packages/workflow/service/package.json
49 silly found diff in packages/workflow/service/readme.md
49 silly found diff in packages/workflow/service/src/context.ts
49 silly found diff in packages/workflow/service/src/handlers/config.ts
49 silly found diff in packages/workflow/service/src/handlers/event.ts
49 silly found diff in packages/workflow/service/src/handlers/run.ts
49 silly found diff in packages/workflow/service/src/index.ts
49 silly found diff in packages/workflow/service/src/launch.ts
49 silly found diff in packages/workflow/service/src/libs/complete-run.ts
49 silly found diff in packages/workflow/service/src/libs/create-event.ts
49 silly found diff in packages/workflow/service/src/libs/create-runtime.ts
49 silly found diff in packages/workflow/service/src/libs/db.ts
49 silly found diff in packages/workflow/service/src/libs/find-workflow.ts
49 silly found diff in packages/workflow/service/src/libs/get-env.ts
49 silly found diff in packages/workflow/service/src/libs/invariant.ts
49 silly found diff in packages/workflow/service/src/libs/start-run.ts
49 silly found diff in packages/workflow/service/src/libs/submit-workflow.ts
49 silly found diff in packages/workflow/service/src/libs/update-run.ts
49 silly found diff in packages/workflow/service/src/queue/event.ts
49 silly found diff in packages/workflow/service/src/queue/workflow.ts
49 silly found diff in packages/workflow/service/src/server.ts
49 silly found diff in packages/workflow/service/src/types.ts
49 silly found diff in packages/workflow/service/src/worker.ts
49 silly found diff in packages/workflow/service/tsconfig.json
49 silly found diff in packages/workflow/service/tsup.config.ts
50 verbose filtered diff [
50 verbose filtered diff   'packages/workflow/service/package.json',
50 verbose filtered diff   'packages/workflow/service/readme.md',
50 verbose filtered diff   'packages/workflow/service/src/context.ts',
50 verbose filtered diff   'packages/workflow/service/src/handlers/config.ts',
50 verbose filtered diff   'packages/workflow/service/src/handlers/event.ts',
50 verbose filtered diff   'packages/workflow/service/src/handlers/run.ts',
50 verbose filtered diff   'packages/workflow/service/src/index.ts',
50 verbose filtered diff   'packages/workflow/service/src/launch.ts',
50 verbose filtered diff   'packages/workflow/service/src/libs/complete-run.ts',
50 verbose filtered diff   'packages/workflow/service/src/libs/create-event.ts',
50 verbose filtered diff   'packages/workflow/service/src/libs/create-runtime.ts',
50 verbose filtered diff   'packages/workflow/service/src/libs/db.ts',
50 verbose filtered diff   'packages/workflow/service/src/libs/find-workflow.ts',
50 verbose filtered diff   'packages/workflow/service/src/libs/get-env.ts',
50 verbose filtered diff   'packages/workflow/service/src/libs/invariant.ts',
50 verbose filtered diff   'packages/workflow/service/src/libs/start-run.ts',
50 verbose filtered diff   'packages/workflow/service/src/libs/submit-workflow.ts',
50 verbose filtered diff   'packages/workflow/service/src/libs/update-run.ts',
50 verbose filtered diff   'packages/workflow/service/src/queue/event.ts',
50 verbose filtered diff   'packages/workflow/service/src/queue/workflow.ts',
50 verbose filtered diff   'packages/workflow/service/src/server.ts',
50 verbose filtered diff   'packages/workflow/service/src/types.ts',
50 verbose filtered diff   'packages/workflow/service/src/worker.ts',
50 verbose filtered diff   'packages/workflow/service/tsconfig.json',
50 verbose filtered diff   'packages/workflow/service/tsup.config.ts'
50 verbose filtered diff ]
51 silly checking diff packages/workflow/types
52 silly found diff in packages/workflow/types/package.json
52 silly found diff in packages/workflow/types/readme.md
52 silly found diff in packages/workflow/types/src/configuration.ts
52 silly found diff in packages/workflow/types/src/runner.ts
53 verbose filtered diff [
53 verbose filtered diff   'packages/workflow/types/package.json',
53 verbose filtered diff   'packages/workflow/types/readme.md',
53 verbose filtered diff   'packages/workflow/types/src/configuration.ts',
53 verbose filtered diff   'packages/workflow/types/src/runner.ts'
53 verbose filtered diff ]
54 silly checking diff services/fs
55 silly found diff in services/fs/Dockerfile
55 silly found diff in services/fs/Dockerfile.dev
55 silly found diff in services/fs/entry.ts
55 silly found diff in services/fs/package.json
55 silly found diff in services/fs/readme.md
55 silly found diff in services/fs/src/app.ts
55 silly found diff in services/fs/src/handlers/error.ts
55 silly found diff in services/fs/src/handlers/object/blob.ts
55 silly found diff in services/fs/src/handlers/object/handlers.ts
55 silly found diff in services/fs/src/handlers/object/raw.ts
55 silly found diff in services/fs/src/handlers/object/share.ts
55 silly found diff in services/fs/src/handlers/object/tree.ts
55 silly found diff in services/fs/src/handlers/proxy.ts
55 silly found diff in services/fs/src/handlers/tus.ts
55 silly found diff in services/fs/src/libs/auth-execute-sql.ts
55 silly found diff in services/fs/src/libs/fail-upload.ts
55 silly found diff in services/fs/src/libs/fetch-rclone.ts
55 silly found diff in services/fs/src/libs/get-auth-token.ts
55 silly found diff in services/fs/src/libs/get-env.ts
55 silly found diff in services/fs/src/libs/load-config-file.ts
55 silly found diff in services/fs/src/libs/stream-rclone.ts
55 silly found diff in services/fs/src/libs/tus-after-create.ts
55 silly found diff in services/fs/src/libs/tus-before-create.ts
55 silly found diff in services/fs/src/server.ts
55 silly found diff in services/fs/src/types.ts
55 silly found diff in services/fs/tsconfig.json
55 silly found diff in services/fs/yarn.lock
56 verbose filtered diff [
56 verbose filtered diff   'services/fs/Dockerfile',
56 verbose filtered diff   'services/fs/Dockerfile.dev',
56 verbose filtered diff   'services/fs/entry.ts',
56 verbose filtered diff   'services/fs/package.json',
56 verbose filtered diff   'services/fs/readme.md',
56 verbose filtered diff   'services/fs/src/app.ts',
56 verbose filtered diff   'services/fs/src/handlers/error.ts',
56 verbose filtered diff   'services/fs/src/handlers/object/blob.ts',
56 verbose filtered diff   'services/fs/src/handlers/object/handlers.ts',
56 verbose filtered diff   'services/fs/src/handlers/object/raw.ts',
56 verbose filtered diff   'services/fs/src/handlers/object/share.ts',
56 verbose filtered diff   'services/fs/src/handlers/object/tree.ts',
56 verbose filtered diff   'services/fs/src/handlers/proxy.ts',
56 verbose filtered diff   'services/fs/src/handlers/tus.ts',
56 verbose filtered diff   'services/fs/src/libs/auth-execute-sql.ts',
56 verbose filtered diff   'services/fs/src/libs/fail-upload.ts',
56 verbose filtered diff   'services/fs/src/libs/fetch-rclone.ts',
56 verbose filtered diff   'services/fs/src/libs/get-auth-token.ts',
56 verbose filtered diff   'services/fs/src/libs/get-env.ts',
56 verbose filtered diff   'services/fs/src/libs/load-config-file.ts',
56 verbose filtered diff   'services/fs/src/libs/stream-rclone.ts',
56 verbose filtered diff   'services/fs/src/libs/tus-after-create.ts',
56 verbose filtered diff   'services/fs/src/libs/tus-before-create.ts',
56 verbose filtered diff   'services/fs/src/server.ts',
56 verbose filtered diff   'services/fs/src/types.ts',
56 verbose filtered diff   'services/fs/tsconfig.json',
56 verbose filtered diff   'services/fs/yarn.lock'
56 verbose filtered diff ]
57 silly checking diff services/workflow
58 silly found diff in services/workflow/Dockerfile
58 silly found diff in services/workflow/Dockerfile.dev
58 silly found diff in services/workflow/entry.ts
58 silly found diff in services/workflow/package.json
58 silly found diff in services/workflow/readme.md
58 silly found diff in services/workflow/src/context.ts
58 silly found diff in services/workflow/src/entry.ts
58 silly found diff in services/workflow/src/handlers/config.ts
58 silly found diff in services/workflow/src/handlers/event.ts
58 silly found diff in services/workflow/src/handlers/run.ts
58 silly found diff in services/workflow/src/index.ts
58 silly found diff in services/workflow/src/libs/complete-run.ts
58 silly found diff in services/workflow/src/libs/create-event.ts
58 silly found diff in services/workflow/src/libs/create-runtime.ts
58 silly found diff in services/workflow/src/libs/db.ts
58 silly found diff in services/workflow/src/libs/find-workflow.ts
58 silly found diff in services/workflow/src/libs/get-env.ts
58 silly found diff in services/workflow/src/libs/start-run.ts
58 silly found diff in services/workflow/src/libs/submit-workflow.ts
58 silly found diff in services/workflow/src/libs/update-run.ts
58 silly found diff in services/workflow/src/queue/event.ts
58 silly found diff in services/workflow/src/queue/workflow.ts
58 silly found diff in services/workflow/src/server.ts
58 silly found diff in services/workflow/src/types/index.ts
58 silly found diff in services/workflow/src/types/pg-boss.d.ts
58 silly found diff in services/workflow/src/worker.ts
58 silly found diff in services/workflow/tsconfig.json
59 verbose filtered diff [
59 verbose filtered diff   'services/workflow/Dockerfile',
59 verbose filtered diff   'services/workflow/Dockerfile.dev',
59 verbose filtered diff   'services/workflow/entry.ts',
59 verbose filtered diff   'services/workflow/package.json',
59 verbose filtered diff   'services/workflow/readme.md',
59 verbose filtered diff   'services/workflow/src/context.ts',
59 verbose filtered diff   'services/workflow/src/entry.ts',
59 verbose filtered diff   'services/workflow/src/handlers/config.ts',
59 verbose filtered diff   'services/workflow/src/handlers/event.ts',
59 verbose filtered diff   'services/workflow/src/handlers/run.ts',
59 verbose filtered diff   'services/workflow/src/index.ts',
59 verbose filtered diff   'services/workflow/src/libs/complete-run.ts',
59 verbose filtered diff   'services/workflow/src/libs/create-event.ts',
59 verbose filtered diff   'services/workflow/src/libs/create-runtime.ts',
59 verbose filtered diff   'services/workflow/src/libs/db.ts',
59 verbose filtered diff   'services/workflow/src/libs/find-workflow.ts',
59 verbose filtered diff   'services/workflow/src/libs/get-env.ts',
59 verbose filtered diff   'services/workflow/src/libs/start-run.ts',
59 verbose filtered diff   'services/workflow/src/libs/submit-workflow.ts',
59 verbose filtered diff   'services/workflow/src/libs/update-run.ts',
59 verbose filtered diff   'services/workflow/src/queue/event.ts',
59 verbose filtered diff   'services/workflow/src/queue/workflow.ts',
59 verbose filtered diff   'services/workflow/src/server.ts',
59 verbose filtered diff   'services/workflow/src/types/index.ts',
59 verbose filtered diff   'services/workflow/src/types/pg-boss.d.ts',
59 verbose filtered diff   'services/workflow/src/worker.ts',
59 verbose filtered diff   'services/workflow/tsconfig.json'
59 verbose filtered diff ]
60 verbose updated elwood
61 verbose updated eslint-config-custom
62 verbose updated jest-presets
63 verbose updated @elwood/cli
64 verbose updated @elwood/fs-service
65 verbose updated @elwood/sdk
66 verbose updated @elwood/types
67 verbose updated @elwood/workflow-config
68 verbose updated @elwood/workflow-runner
69 verbose updated @elwood/workflow-secrets
70 verbose updated @elwood/workflow-service
71 verbose updated @elwood/workflow-types
72 verbose updated @elwood/service-fs
73 verbose updated @elwood/service-workflow
74 verbose git-describe undefined => "v0.1.11-14-g764999a"
75 silly git-describe parsed => {"lastTagName":"v0.1.11","lastVersion":"v0.1.11","refCount":"14","sha":"764999a","isDirty":false}
76 info execute Skipping releases
77 silly lifecycle No script for "preversion" in "@elwood/workspace", continuing
78 silly lifecycle No script for "preversion" in "@elwood/types", continuing
79 verbose version @elwood/types has no lockfile. Skipping lockfile update.
80 silly lifecycle No script for "version" in "@elwood/types", continuing
81 silly lifecycle No script for "preversion" in "@elwood/fs-service", continuing
82 silly lifecycle No script for "preversion" in "@elwood/sdk", continuing
83 silly lifecycle No script for "preversion" in "@elwood/workflow-types", continuing
84 verbose version @elwood/fs-service has no lockfile. Skipping lockfile update.
85 verbose version @elwood/sdk has no lockfile. Skipping lockfile update.
86 verbose version @elwood/workflow-types has no lockfile. Skipping lockfile update.
87 silly lifecycle No script for "version" in "@elwood/fs-service", continuing
88 silly lifecycle No script for "preversion" in "@elwood/service-fs", continuing
89 silly lifecycle No script for "version" in "@elwood/sdk", continuing
90 verbose version @elwood/service-fs has no lockfile. Skipping lockfile update.
91 silly lifecycle No script for "version" in "@elwood/workflow-types", continuing
92 silly lifecycle No script for "preversion" in "@elwood/workflow-config", continuing
93 silly lifecycle No script for "preversion" in "@elwood/workflow-secrets", continuing
94 verbose version @elwood/workflow-config has no lockfile. Skipping lockfile update.
95 verbose version @elwood/workflow-secrets has no lockfile. Skipping lockfile update.
96 silly lifecycle No script for "version" in "@elwood/service-fs", continuing
97 silly lifecycle No script for "version" in "@elwood/workflow-config", continuing
98 silly lifecycle No script for "version" in "@elwood/workflow-secrets", continuing
99 silly lifecycle No script for "preversion" in "@elwood/workflow-runner", continuing
100 verbose version @elwood/workflow-runner has no lockfile. Skipping lockfile update.
101 silly lifecycle No script for "version" in "@elwood/workflow-runner", continuing
102 silly lifecycle No script for "preversion" in "@elwood/cli", continuing
103 silly lifecycle No script for "preversion" in "@elwood/workflow-service", continuing
104 verbose version @elwood/workflow-service has no lockfile. Skipping lockfile update.
105 verbose version @elwood/cli has no lockfile. Skipping lockfile update.
106 silly lifecycle No script for "version" in "@elwood/cli", continuing
107 silly lifecycle No script for "preversion" in "elwood", continuing
108 verbose version elwood has no lockfile. Skipping lockfile update.
109 silly lifecycle No script for "version" in "@elwood/workflow-service", continuing
110 silly lifecycle No script for "preversion" in "@elwood/service-workflow", continuing
111 verbose version @elwood/service-workflow has no lockfile. Skipping lockfile update.
112 silly lifecycle No script for "version" in "elwood", continuing
113 silly lifecycle No script for "version" in "@elwood/service-workflow", continuing
114 verbose version Updating root pnpm-lock.yaml
115 silly lifecycle No script for "version" in "@elwood/workspace", continuing
116 silly version Successfully applied prettier to updated file: packages/types/package.json
117 silly version Successfully applied prettier to updated file: packages/fs/service/package.json
118 silly version Successfully applied prettier to updated file: packages/sdk/package.json
119 silly version Successfully applied prettier to updated file: packages/workflow/types/package.json
120 silly version Successfully applied prettier to updated file: services/fs/package.json
121 silly version Successfully applied prettier to updated file: packages/workflow/config/package.json
122 silly version Successfully applied prettier to updated file: packages/workflow/secrets/package.json
123 silly version Successfully applied prettier to updated file: packages/workflow/runner/package.json
124 silly version Successfully applied prettier to updated file: packages/cli/package.json
125 silly version Successfully applied prettier to updated file: packages/workflow/service/package.json
126 silly version Successfully applied prettier to updated file: internal/elwood/package.json
127 silly version Successfully applied prettier to updated file: services/workflow/package.json
128 silly version Successfully applied prettier to updated file: lerna.json
129 silly version Successfully applied prettier to updated file: pnpm-lock.yaml
130 silly gitAdd [
130 silly gitAdd   'packages/types/package.json',
130 silly gitAdd   'packages/fs/service/package.json',
130 silly gitAdd   'packages/sdk/package.json',
130 silly gitAdd   'packages/workflow/types/package.json',
130 silly gitAdd   'services/fs/package.json',
130 silly gitAdd   'packages/workflow/config/package.json',
130 silly gitAdd   'packages/workflow/secrets/package.json',
130 silly gitAdd   'packages/workflow/runner/package.json',
130 silly gitAdd   'packages/cli/package.json',
130 silly gitAdd   'packages/workflow/service/package.json',
130 silly gitAdd   'internal/elwood/package.json',
130 silly gitAdd   'services/workflow/package.json',
130 silly gitAdd   'lerna.json',
130 silly gitAdd   'pnpm-lock.yaml'
130 silly gitAdd ]
131 silly gitCommit v0.1.12
132 verbose git [ 'commit', '-m', 'v0.1.12' ]
133 silly gitTag v0.1.12 git tag %s -m %s
134 verbose git [ 'tag', 'v0.1.12', '-m', 'v0.1.12' ]
135 error Error: Command failed with exit code 128: git tag v0.1.12 -m v0.1.12
135 error fatal: tag 'v0.1.12' already exists
135 error     at makeError (/Users/travis/Repos/elwood/studio/node_modules/.pnpm/execa@5.0.0/node_modules/execa/lib/error.js:59:11)
135 error     at handlePromise (/Users/travis/Repos/elwood/studio/node_modules/.pnpm/execa@5.0.0/node_modules/execa/index.js:114:26)
135 error     at process.processTicksAndRejections (node:internal/process/task_queues:95:5)
135 error     at async Promise.all (index 0)
